Started on server1...
Started on server2...
Started on server3...
Started on server4...
Started on server5...
Started on server6...
Started on server7...
Started on server8...
Started on server9...
Started on server10...
Started on server11...
Started on server12...
Started on server13...
Failed on server1:
  The command failed with exit code 1
  STDOUT:

  interesting stuff here

Finished on server2:
  STDOUT:

  interesting stuff here

Failed on server3:
  The command failed with exit code 1

  interesting stuff here


Finished on server4:
  STDOUT:

  interesting stuff here


